<?xml version="1.0" encoding="UTF-8"?>
<testng-results skipped="0" failed="0" total="1" passed="1">
  <reporter-output>
  </reporter-output>
  <suite name="Default suite" duration-ms="41955" started-at="2022-07-26T11:20:37Z" finished-at="2022-07-26T11:21:19Z">
    <groups>
    </groups>
    <test name="Default test" duration-ms="41955" started-at="2022-07-26T11:20:37Z" finished-at="2022-07-26T11:21:19Z">
      <class name="blazeflights.BlazeSample">
        <test-method status="PASS" signature="loginPage()[pri:0, instance:blazeflights.BlazeSample@56ef9176]" name="loginPage" duration-ms="41922" started-at="2022-07-26T16:50:37Z" finished-at="2022-07-26T16:51:19Z">
          <reporter-output>
          </reporter-output>
        </test-method> <!-- loginPage -->
      </class> <!-- blazeflights.BlazeSample -->
    </test> <!-- Default test -->
  </suite> <!-- Default suite -->
</testng-results>
